DEPRECATION WARNING: ActiveRecord::Base.raise_in_transactional_callbacks= is deprecated, has no effect and will be removed without replacement. (called from <top (required)> at /Users/Witherberry/src/railsprojects/devise-bootstrap-views/app/models/user.rb:1)
DEPRECATION WARNING: ActiveRecord::Base.raise_in_transactional_callbacks= is deprecated, has no effect and will be removed without replacement. (called from <top (required)> at /Users/Witherberry/src/railsprojects/devise-bootstrap-views/app/models/user.rb:1)
Started GET "/users/sign_up" for ::1 at 2016-07-25 15:03:57 -0400
  
ActiveRecord::PendingMigrationError (

Migrations are pending. To resolve this issue, run:

	bin/rails db:migrate RAILS_ENV=development

):
  
activerecord (5.0.0) lib/active_record/migration.rb:572:in `check_pending!'
activerecord (5.0.0) lib/active_record/migration.rb:548:in `call'
actionpack (5.0.0) lib/action_dispatch/middleware/callbacks.rb:38:in `block in call'
activesupport (5.0.0) lib/active_support/callbacks.rb:97:in `__run_callbacks__'
activesupport (5.0.0) lib/active_support/callbacks.rb:750:in `_run_call_callbacks'
activesupport (5.0.0) lib/active_support/callbacks.rb:90:in `run_callbacks'
actionpack (5.0.0) lib/action_dispatch/middleware/callbacks.rb:36:in `call'
actionpack (5.0.0) lib/action_dispatch/middleware/executor.rb:12:in `call'
actionpack (5.0.0) lib/action_dispatch/middleware/remote_ip.rb:79:in `call'
actionpack (5.0.0) lib/action_dispatch/middleware/debug_exceptions.rb:49:in `call'
web-console (3.3.1) lib/web_console/middleware.rb:131:in `call_app'
web-console (3.3.1) lib/web_console/middleware.rb:28:in `block in call'
web-console (3.3.1) lib/web_console/middleware.rb:18:in `catch'
web-console (3.3.1) lib/web_console/middleware.rb:18:in `call'
actionpack (5.0.0) lib/action_dispatch/middleware/show_exceptions.rb:31:in `call'
railties (5.0.0) lib/rails/rack/logger.rb:36:in `call_app'
railties (5.0.0) lib/rails/rack/logger.rb:24:in `block in call'
activesupport (5.0.0) lib/active_support/tagged_logging.rb:70:in `block in tagged'
activesupport (5.0.0) lib/active_support/tagged_logging.rb:26:in `tagged'
activesupport (5.0.0) lib/active_support/tagged_logging.rb:70:in `tagged'
railties (5.0.0) lib/rails/rack/logger.rb:24:in `call'
actionpack (5.0.0) lib/action_dispatch/middleware/request_id.rb:24:in `call'
rack (2.0.1) lib/rack/method_override.rb:22:in `call'
rack (2.0.1) lib/rack/runtime.rb:22:in `call'
activesupport (5.0.0) lib/active_support/cache/strategy/local_cache_middleware.rb:28:in `call'
actionpack (5.0.0) lib/action_dispatch/middleware/executor.rb:12:in `call'
actionpack (5.0.0) lib/action_dispatch/middleware/static.rb:136:in `call'
rack (2.0.1) lib/rack/sendfile.rb:111:in `call'
railties (5.0.0) lib/rails/engine.rb:522:in `call'
puma (3.6.0) lib/puma/configuration.rb:225:in `call'
puma (3.6.0) lib/puma/server.rb:578:in `handle_request'
puma (3.6.0) lib/puma/server.rb:415:in `process_client'
puma (3.6.0) lib/puma/server.rb:275:in `block in run'
puma (3.6.0) lib/puma/thread_pool.rb:116:in `block in spawn_thread'
  Rendering /Users/Witherberry/.rvm/gems/ruby-2.3.1/gems/actionpack-5.0.0/lib/action_dispatch/middleware/templates/rescues/diagnostics.html.erb within rescues/layout
  Rendering /Users/Witherberry/.rvm/gems/ruby-2.3.1/gems/actionpack-5.0.0/lib/action_dispatch/middleware/templates/rescues/_source.html.erb
  Rendered /Users/Witherberry/.rvm/gems/ruby-2.3.1/gems/actionpack-5.0.0/lib/action_dispatch/middleware/templates/rescues/_source.html.erb (2.9ms)
  Rendering /Users/Witherberry/.rvm/gems/ruby-2.3.1/gems/actionpack-5.0.0/lib/action_dispatch/middleware/templates/rescues/_trace.html.erb
  Rendered /Users/Witherberry/.rvm/gems/ruby-2.3.1/gems/actionpack-5.0.0/lib/action_dispatch/middleware/templates/rescues/_trace.html.erb (2.1ms)
  Rendering /Users/Witherberry/.rvm/gems/ruby-2.3.1/gems/actionpack-5.0.0/lib/action_dispatch/middleware/templates/rescues/_request_and_response.html.erb
  Rendered /Users/Witherberry/.rvm/gems/ruby-2.3.1/gems/actionpack-5.0.0/lib/action_dispatch/middleware/templates/rescues/_request_and_response.html.erb (1.1ms)
  Rendered /Users/Witherberry/.rvm/gems/ruby-2.3.1/gems/actionpack-5.0.0/lib/action_dispatch/middleware/templates/rescues/diagnostics.html.erb within rescues/layout (139.2ms)
DEPRECATION WARNING: ActiveRecord::Base.raise_in_transactional_callbacks= is deprecated, has no effect and will be removed without replacement. (called from <top (required)> at /Users/Witherberry/src/railsprojects/devise-bootstrap-views/app/models/user.rb:1)
  [1m[35m (1.5ms)[0m  [1m[35mCREATE TABLE "schema_migrations" ("version" varchar NOT NULL PRIMARY KEY)[0m
  [1m[35m (14.9ms)[0m  [1m[35mCREATE TABLE "ar_internal_metadata" ("key" varchar NOT NULL PRIMARY KEY, "value" varchar, "created_at" datetime NOT NULL, "updated_at" datetime NOT NULL)[0m
  [1m[36mActiveRecord::SchemaMigration Load (0.2ms)[0m  [1m[34mSELECT "schema_migrations".* FROM "schema_migrations"[0m
Migrating to DeviseCreateUsers (20151224090428)
  [1m[35m (0.1ms)[0m  [1m[36mbegin transaction[0m
DEPRECATION WARNING: Directly inheriting from ActiveRecord::Migration is deprecated. Please specify the Rails release the migration was written for:

  class DeviseCreateUsers < ActiveRecord::Migration[4.2] (called from load at /Users/Witherberry/.rbenv/versions/2.3.0/bin/rake:23)
  [1m[35m (0.7ms)[0m  [1m[35mCREATE TABLE "users" ("id" INTEGER PRIMARY KEY AUTOINCREMENT NOT NULL, "email" varchar DEFAULT '' NOT NULL, "encrypted_password" varchar DEFAULT '' NOT NULL, "reset_password_token" varchar, "reset_password_sent_at" datetime, "remember_created_at" datetime, "sign_in_count" integer DEFAULT 0 NOT NULL, "current_sign_in_at" datetime, "last_sign_in_at" datetime, "current_sign_in_ip" varchar, "last_sign_in_ip" varchar, "confirmation_token" varchar, "confirmed_at" datetime, "confirmation_sent_at" datetime, "unconfirmed_email" varchar, "failed_attempts" integer DEFAULT 0 NOT NULL, "unlock_token" varchar, "locked_at" datetime, "created_at" datetime, "updated_at" datetime)[0m
  [1m[35m (0.1ms)[0m  [1m[34mselect sqlite_version(*)[0m
  [1m[35m (0.5ms)[0m  [1m[35mCREATE UNIQUE INDEX "index_users_on_email" ON "users" ("email")[0m
  [1m[35m (0.1ms)[0m  [1m[34m            SELECT sql
            FROM sqlite_master
            WHERE name='index_users_on_email' AND type='index'
            UNION ALL
            SELECT sql
            FROM sqlite_temp_master
            WHERE name='index_users_on_email' AND type='index'
[0m
  [1m[35m (0.2ms)[0m  [1m[35mCREATE UNIQUE INDEX "index_users_on_reset_password_token" ON "users" ("reset_password_token")[0m
  [1m[35m (0.1ms)[0m  [1m[34m            SELECT sql
            FROM sqlite_master
            WHERE name='index_users_on_reset_password_token' AND type='index'
            UNION ALL
            SELECT sql
            FROM sqlite_temp_master
            WHERE name='index_users_on_reset_password_token' AND type='index'
[0m
  [1m[35m (0.1ms)[0m  [1m[34m            SELECT sql
            FROM sqlite_master
            WHERE name='index_users_on_email' AND type='index'
            UNION ALL
            SELECT sql
            FROM sqlite_temp_master
            WHERE name='index_users_on_email' AND type='index'
[0m
  [1m[35m (0.2ms)[0m  [1m[35mCREATE UNIQUE INDEX "index_users_on_confirmation_token" ON "users" ("confirmation_token")[0m
  [1m[35m (0.1ms)[0m  [1m[34m            SELECT sql
            FROM sqlite_master
            WHERE name='index_users_on_confirmation_token' AND type='index'
            UNION ALL
            SELECT sql
            FROM sqlite_temp_master
            WHERE name='index_users_on_confirmation_token' AND type='index'
[0m
  [1m[35m (0.1ms)[0m  [1m[34m            SELECT sql
            FROM sqlite_master
            WHERE name='index_users_on_reset_password_token' AND type='index'
            UNION ALL
            SELECT sql
            FROM sqlite_temp_master
            WHERE name='index_users_on_reset_password_token' AND type='index'
[0m
  [1m[35m (0.1ms)[0m  [1m[34m            SELECT sql
            FROM sqlite_master
            WHERE name='index_users_on_email' AND type='index'
            UNION ALL
            SELECT sql
            FROM sqlite_temp_master
            WHERE name='index_users_on_email' AND type='index'
[0m
  [1m[35m (0.2ms)[0m  [1m[35mCREATE UNIQUE INDEX "index_users_on_unlock_token" ON "users" ("unlock_token")[0m
  [1m[35mSQL (0.2ms)[0m  [1m[32mINSERT INTO "schema_migrations" ("version") VALUES (?)[0m  [["version", "20151224090428"]]
  [1m[35m (1.5ms)[0m  [1m[36mcommit transaction[0m
  [1m[36mActiveRecord::InternalMetadata Load (0.3ms)[0m  [1m[34mSELECT  "ar_internal_metadata".* FROM "ar_internal_metadata" WHERE "ar_internal_metadata"."key" = ? LIMIT ?[0m  [["key", :environment], ["LIMIT", 1]]
  [1m[35m (0.1ms)[0m  [1m[36mbegin transaction[0m
  [1m[35mSQL (0.4ms)[0m  [1m[32mINSERT INTO "ar_internal_metadata" ("key", "value", "created_at", "updated_at") VALUES (?, ?, ?, ?)[0m  [["key", "environment"], ["value", "development"], ["created_at", 2016-07-25 19:06:03 UTC], ["updated_at", 2016-07-25 19:06:03 UTC]]
  [1m[35m (1.0ms)[0m  [1m[36mcommit transaction[0m
  [1m[36mActiveRecord::SchemaMigration Load (0.1ms)[0m  [1m[34mSELECT "schema_migrations".* FROM "schema_migrations"[0m
  [1m[35m (0.1ms)[0m  [1m[34m            SELECT sql
            FROM sqlite_master
            WHERE name='index_users_on_unlock_token' AND type='index'
            UNION ALL
            SELECT sql
            FROM sqlite_temp_master
            WHERE name='index_users_on_unlock_token' AND type='index'
[0m
  [1m[35m (0.2ms)[0m  [1m[34m            SELECT sql
            FROM sqlite_master
            WHERE name='index_users_on_confirmation_token' AND type='index'
            UNION ALL
            SELECT sql
            FROM sqlite_temp_master
            WHERE name='index_users_on_confirmation_token' AND type='index'
[0m
  [1m[35m (0.1ms)[0m  [1m[34m            SELECT sql
            FROM sqlite_master
            WHERE name='index_users_on_reset_password_token' AND type='index'
            UNION ALL
            SELECT sql
            FROM sqlite_temp_master
            WHERE name='index_users_on_reset_password_token' AND type='index'
[0m
  [1m[35m (0.1ms)[0m  [1m[34m            SELECT sql
            FROM sqlite_master
            WHERE name='index_users_on_email' AND type='index'
            UNION ALL
            SELECT sql
            FROM sqlite_temp_master
            WHERE name='index_users_on_email' AND type='index'
[0m
DEPRECATION WARNING: ActiveRecord::Base.raise_in_transactional_callbacks= is deprecated, has no effect and will be removed without replacement. (called from <top (required)> at /Users/Witherberry/src/railsprojects/devise-bootstrap-views/app/models/user.rb:1)
Started GET "/users/sign_up" for ::1 at 2016-07-25 15:06:14 -0400
  [1m[36mActiveRecord::SchemaMigration Load (0.2ms)[0m  [1m[34mSELECT "schema_migrations".* FROM "schema_migrations"[0m
DEPRECATION WARNING: before_filter is deprecated and will be removed in Rails 5.1. Use before_action instead. (called from <class:ApplicationController> at /Users/Witherberry/src/railsprojects/devise-bootstrap-views/app/controllers/application_controller.rb:5)
Processing by Devise::RegistrationsController#new as HTML
  Rendering /Users/Witherberry/.rvm/gems/ruby-2.3.1/gems/devise-bootstrap-views-0.0.8/app/views/devise/registrations/new.html.erb within layouts/application
  Rendered /Users/Witherberry/.rvm/gems/ruby-2.3.1/gems/devise-bootstrap-views-0.0.8/app/views/devise/shared/_links.html.erb (4.4ms)
  Rendered /Users/Witherberry/.rvm/gems/ruby-2.3.1/gems/devise-bootstrap-views-0.0.8/app/views/devise/registrations/new.html.erb within layouts/application (93.8ms)
Completed 200 OK in 6622ms (Views: 6565.2ms | ActiveRecord: 0.9ms)


Started GET "/assets/application.self-3d156ebed001e9f6d2c52254d6db2a6cf372d71bd18b61d1144c02ad1350a645.css?body=1" for ::1 at 2016-07-25 15:06:21 -0400
Started GET "/assets/users.self-877aef30ae1b040ab8a3aba4e3e309a11d7f2612f44dde450b5c157aa5f95c05.js?body=1" for ::1 at 2016-07-25 15:06:21 -0400
Started GET "/assets/jquery.self-660adc51e0224b731d29f575a6f1ec167ba08ad06ed5deca4f1e8654c135bf4c.js?body=1" for ::1 at 2016-07-25 15:06:21 -0400
Started GET "/assets/jquery_ujs.self-e87806d0cf4489aeb1bb7288016024e8de67fd18db693fe026fe3907581e53cd.js?body=1" for ::1 at 2016-07-25 15:06:21 -0400
Started GET "/assets/turbolinks.self-c5acd7a204f5f25ce7a1d8a0e4d92e28d34c9e2df2c7371cd7af88e147e4ad82.js?body=1" for ::1 at 2016-07-25 15:06:21 -0400
Started GET "/assets/bootstrap.self-d0e973a52d36a01036265aeefaf2d1ae3499d2cb231a9be3bd846432daf231de.js?body=1" for ::1 at 2016-07-25 15:06:21 -0400
Started GET "/assets/application.self-f8806224e027f3e3f0138ea9ce99319e298dfdb323304d1f1be6eae8e8c74724.js?body=1" for ::1 at 2016-07-25 15:06:21 -0400
Started GET "/assets/bootstrap-78d83bbcc1bb861a0723ffb65bfa7d84e7302638ca9e2d87135deb9f5c91ecf7.png" for ::1 at 2016-07-25 15:06:21 -0400
Started GET "/users/sign_in" for ::1 at 2016-07-25 15:10:24 -0400
Processing by Devise::SessionsController#new as HTML
  Rendering /Users/Witherberry/.rvm/gems/ruby-2.3.1/gems/devise-bootstrap-views-0.0.8/app/views/devise/sessions/new.html.erb within layouts/application
  Rendered /Users/Witherberry/.rvm/gems/ruby-2.3.1/gems/devise-bootstrap-views-0.0.8/app/views/devise/shared/_links.html.erb (16.7ms)
  Rendered /Users/Witherberry/.rvm/gems/ruby-2.3.1/gems/devise-bootstrap-views-0.0.8/app/views/devise/sessions/new.html.erb within layouts/application (54.8ms)
Completed 200 OK in 180ms (Views: 168.7ms | ActiveRecord: 0.0ms)


Started GET "/users/sign_in" for ::1 at 2016-07-25 15:10:27 -0400
Processing by Devise::SessionsController#new as HTML
  Rendering /Users/Witherberry/.rvm/gems/ruby-2.3.1/gems/devise-bootstrap-views-0.0.8/app/views/devise/sessions/new.html.erb within layouts/application
  Rendered /Users/Witherberry/.rvm/gems/ruby-2.3.1/gems/devise-bootstrap-views-0.0.8/app/views/devise/shared/_links.html.erb (2.8ms)
  Rendered /Users/Witherberry/.rvm/gems/ruby-2.3.1/gems/devise-bootstrap-views-0.0.8/app/views/devise/sessions/new.html.erb within layouts/application (24.5ms)
Completed 200 OK in 152ms (Views: 149.3ms | ActiveRecord: 0.0ms)


Started GET "/users/sign_in" for ::1 at 2016-07-25 15:10:29 -0400
Processing by Devise::SessionsController#new as HTML
  Rendering /Users/Witherberry/.rvm/gems/ruby-2.3.1/gems/devise-bootstrap-views-0.0.8/app/views/devise/sessions/new.html.erb within layouts/application
  Rendered /Users/Witherberry/.rvm/gems/ruby-2.3.1/gems/devise-bootstrap-views-0.0.8/app/views/devise/shared/_links.html.erb (3.3ms)
  Rendered /Users/Witherberry/.rvm/gems/ruby-2.3.1/gems/devise-bootstrap-views-0.0.8/app/views/devise/sessions/new.html.erb within layouts/application (15.2ms)
Completed 200 OK in 150ms (Views: 143.6ms | ActiveRecord: 0.0ms)


Started GET "/users/sign_in" for ::1 at 2016-07-25 15:10:30 -0400
Processing by Devise::SessionsController#new as HTML
  Rendering /Users/Witherberry/.rvm/gems/ruby-2.3.1/gems/devise-bootstrap-views-0.0.8/app/views/devise/sessions/new.html.erb within layouts/application
Started GET "/users/sign_in" for ::1 at 2016-07-25 15:10:30 -0400
Processing by Devise::SessionsController#new as HTML
  Rendering /Users/Witherberry/.rvm/gems/ruby-2.3.1/gems/devise-bootstrap-views-0.0.8/app/views/devise/sessions/new.html.erb within layouts/application
  Rendered /Users/Witherberry/.rvm/gems/ruby-2.3.1/gems/devise-bootstrap-views-0.0.8/app/views/devise/shared/_links.html.erb (2.7ms)
  Rendered /Users/Witherberry/.rvm/gems/ruby-2.3.1/gems/devise-bootstrap-views-0.0.8/app/views/devise/sessions/new.html.erb within layouts/application (19.9ms)
  Rendered /Users/Witherberry/.rvm/gems/ruby-2.3.1/gems/devise-bootstrap-views-0.0.8/app/views/devise/shared/_links.html.erb (2.6ms)
  Rendered /Users/Witherberry/.rvm/gems/ruby-2.3.1/gems/devise-bootstrap-views-0.0.8/app/views/devise/sessions/new.html.erb within layouts/application (139.2ms)
Started GET "/users/sign_in" for ::1 at 2016-07-25 15:10:30 -0400
Processing by Devise::SessionsController#new as HTML
  Rendering /Users/Witherberry/.rvm/gems/ruby-2.3.1/gems/devise-bootstrap-views-0.0.8/app/views/devise/sessions/new.html.erb within layouts/application
  Rendered /Users/Witherberry/.rvm/gems/ruby-2.3.1/gems/devise-bootstrap-views-0.0.8/app/views/devise/shared/_links.html.erb (5.8ms)
  Rendered /Users/Witherberry/.rvm/gems/ruby-2.3.1/gems/devise-bootstrap-views-0.0.8/app/views/devise/sessions/new.html.erb within layouts/application (26.8ms)
Started GET "/users/sign_in" for ::1 at 2016-07-25 15:10:30 -0400
Processing by Devise::SessionsController#new as HTML
  Rendering /Users/Witherberry/.rvm/gems/ruby-2.3.1/gems/devise-bootstrap-views-0.0.8/app/views/devise/sessions/new.html.erb within layouts/application
  Rendered /Users/Witherberry/.rvm/gems/ruby-2.3.1/gems/devise-bootstrap-views-0.0.8/app/views/devise/shared/_links.html.erb (2.2ms)
  Rendered /Users/Witherberry/.rvm/gems/ruby-2.3.1/gems/devise-bootstrap-views-0.0.8/app/views/devise/sessions/new.html.erb within layouts/application (10.7ms)
Completed 500 Internal Server Error in 405ms (ActiveRecord: 0.0ms)


Completed 200 OK in 530ms (Views: 522.9ms | ActiveRecord: 0.0ms)


  
ActionView::Template::Error (can't add a new key into hash during iteration):
    2: <html>
    3: <head>
    4:   <title>DeviseBootstrapViews</title>
    5:   <%= stylesheet_link_tag    'application', media: 'all', 'data-turbolinks-track' => true %>
    6:   <%= javascript_include_tag 'application', 'data-turbolinks-track' => true %>
    7:   <%= csrf_meta_tags %>
    8: </head>
  
app/views/layouts/application.html.erb:5:in `_app_views_layouts_application_html_erb___1237380309946224913_70213597888720'
Completed 200 OK in 292ms (Views: 289.9ms | ActiveRecord: 0.0ms)


Completed 200 OK in 700ms (Views: 696.7ms | ActiveRecord: 0.0ms)


  Rendering /Users/Witherberry/.rvm/gems/ruby-2.3.1/gems/actionpack-5.0.0/lib/action_dispatch/middleware/templates/rescues/template_error.html.erb within rescues/layout
  Rendering /Users/Witherberry/.rvm/gems/ruby-2.3.1/gems/actionpack-5.0.0/lib/action_dispatch/middleware/templates/rescues/_source.html.erb
  Rendered /Users/Witherberry/.rvm/gems/ruby-2.3.1/gems/actionpack-5.0.0/lib/action_dispatch/middleware/templates/rescues/_source.html.erb (14.4ms)
  Rendering /Users/Witherberry/.rvm/gems/ruby-2.3.1/gems/actionpack-5.0.0/lib/action_dispatch/middleware/templates/rescues/_trace.html.erb
  Rendered /Users/Witherberry/.rvm/gems/ruby-2.3.1/gems/actionpack-5.0.0/lib/action_dispatch/middleware/templates/rescues/_trace.html.erb (4.4ms)
  Rendering /Users/Witherberry/.rvm/gems/ruby-2.3.1/gems/actionpack-5.0.0/lib/action_dispatch/middleware/templates/rescues/_request_and_response.html.erb
  Rendered /Users/Witherberry/.rvm/gems/ruby-2.3.1/gems/actionpack-5.0.0/lib/action_dispatch/middleware/templates/rescues/_request_and_response.html.erb (2.0ms)
  Rendered /Users/Witherberry/.rvm/gems/ruby-2.3.1/gems/actionpack-5.0.0/lib/action_dispatch/middleware/templates/rescues/template_error.html.erb within rescues/layout (187.4ms)
Started GET "/users/sign_in" for ::1 at 2016-07-25 15:10:31 -0400
Processing by Devise::SessionsController#new as HTML
  Rendering /Users/Witherberry/.rvm/gems/ruby-2.3.1/gems/devise-bootstrap-views-0.0.8/app/views/devise/sessions/new.html.erb within layouts/application
  Rendered /Users/Witherberry/.rvm/gems/ruby-2.3.1/gems/devise-bootstrap-views-0.0.8/app/views/devise/shared/_links.html.erb (4.8ms)
  Rendered /Users/Witherberry/.rvm/gems/ruby-2.3.1/gems/devise-bootstrap-views-0.0.8/app/views/devise/sessions/new.html.erb within layouts/application (141.5ms)
Completed 200 OK in 254ms (Views: 252.4ms | ActiveRecord: 0.0ms)


Started GET "/users/sign_in" for ::1 at 2016-07-25 15:10:33 -0400
Processing by Devise::SessionsController#new as HTML
  Rendering /Users/Witherberry/.rvm/gems/ruby-2.3.1/gems/devise-bootstrap-views-0.0.8/app/views/devise/sessions/new.html.erb within layouts/application
  Rendered /Users/Witherberry/.rvm/gems/ruby-2.3.1/gems/devise-bootstrap-views-0.0.8/app/views/devise/shared/_links.html.erb (12.7ms)
  Rendered /Users/Witherberry/.rvm/gems/ruby-2.3.1/gems/devise-bootstrap-views-0.0.8/app/views/devise/sessions/new.html.erb within layouts/application (58.2ms)
Completed 200 OK in 187ms (Views: 185.4ms | ActiveRecord: 0.0ms)


Started GET "/users/sign_up" for ::1 at 2016-07-25 15:10:35 -0400
Processing by Devise::RegistrationsController#new as HTML
  Rendering /Users/Witherberry/.rvm/gems/ruby-2.3.1/gems/devise-bootstrap-views-0.0.8/app/views/devise/registrations/new.html.erb within layouts/application
  Rendered /Users/Witherberry/.rvm/gems/ruby-2.3.1/gems/devise-bootstrap-views-0.0.8/app/views/devise/shared/_links.html.erb (3.5ms)
  Rendered /Users/Witherberry/.rvm/gems/ruby-2.3.1/gems/devise-bootstrap-views-0.0.8/app/views/devise/registrations/new.html.erb within layouts/application (28.4ms)
Completed 200 OK in 123ms (Views: 109.8ms | ActiveRecord: 0.0ms)


Started POST "/users" for ::1 at 2016-07-25 15:10:43 -0400
Processing by Devise::RegistrationsController#create as HTML
  Parameters: {"utf8"=>"✓", "authenticity_token"=>"3ac8KHzR3g/lYtCQgmJqxX6YSEchp+H2knvDXVVZyxAU8O8IGofQ76FGVBwilD5FByRiCLxdwSsIH04z12ltbw==", "user"=>{"email"=>"t@t.com", "password"=>"[FILTERED]", "password_confirmation"=>"[FILTERED]"}, "commit"=>"Sign up"}
Completed 500 Internal Server Error in 15ms (ActiveRecord: 0.0ms)


  
fatal (incompatible library version - /Users/Witherberry/.rvm/gems/ruby-2.3.1/gems/bcrypt-3.1.11/lib/bcrypt_ext.bundle):
  
activesupport (5.0.0) lib/active_support/dependencies.rb:293:in `require'
activesupport (5.0.0) lib/active_support/dependencies.rb:293:in `block in require'
activesupport (5.0.0) lib/active_support/dependencies.rb:259:in `load_dependency'
activesupport (5.0.0) lib/active_support/dependencies.rb:293:in `require'
bcrypt (3.1.11) lib/bcrypt.rb:16:in `rescue in <top (required)>'
bcrypt (3.1.11) lib/bcrypt.rb:12:in `<top (required)>'
activesupport (5.0.0) lib/active_support/dependencies.rb:293:in `require'
activesupport (5.0.0) lib/active_support/dependencies.rb:293:in `block in require'
activesupport (5.0.0) lib/active_support/dependencies.rb:259:in `load_dependency'
activesupport (5.0.0) lib/active_support/dependencies.rb:293:in `require'
devise (4.2.0) lib/devise/encryptor.rb:1:in `<top (required)>'
activesupport (5.0.0) lib/active_support/dependencies.rb:293:in `require'
activesupport (5.0.0) lib/active_support/dependencies.rb:293:in `block in require'
activesupport (5.0.0) lib/active_support/dependencies.rb:259:in `load_dependency'
activesupport (5.0.0) lib/active_support/dependencies.rb:293:in `require'
devise (4.2.0) lib/devise/models/database_authenticatable.rb:147:in `password_digest'
devise (4.2.0) lib/devise/models/database_authenticatable.rb:40:in `password='
activemodel (5.0.0) lib/active_model/attribute_assignment.rb:46:in `public_send'
activemodel (5.0.0) lib/active_model/attribute_assignment.rb:46:in `_assign_attribute'
activemodel (5.0.0) lib/active_model/attribute_assignment.rb:40:in `block in _assign_attributes'
activemodel (5.0.0) lib/active_model/attribute_assignment.rb:39:in `each'
activemodel (5.0.0) lib/active_model/attribute_assignment.rb:39:in `_assign_attributes'
activerecord (5.0.0) lib/active_record/attribute_assignment.rb:26:in `_assign_attributes'
activemodel (5.0.0) lib/active_model/attribute_assignment.rb:33:in `assign_attributes'
activerecord (5.0.0) lib/active_record/core.rb:319:in `initialize'
devise (4.2.0) lib/devise/models/confirmable.rb:63:in `initialize'
activerecord (5.0.0) lib/active_record/inheritance.rb:65:in `new'
activerecord (5.0.0) lib/active_record/inheritance.rb:65:in `new'
devise (4.2.0) lib/devise/models/registerable.rb:20:in `new_with_session'
devise (4.2.0) app/controllers/devise/registrations_controller.rb:100:in `build_resource'
devise (4.2.0) app/controllers/devise/registrations_controller.rb:15:in `create'
actionpack (5.0.0) lib/action_controller/metal/basic_implicit_render.rb:4:in `send_action'
actionpack (5.0.0) lib/abstract_controller/base.rb:188:in `process_action'
actionpack (5.0.0) lib/action_controller/metal/rendering.rb:30:in `process_action'
actionpack (5.0.0) lib/abstract_controller/callbacks.rb:20:in `block in process_action'
activesupport (5.0.0) lib/active_support/callbacks.rb:126:in `call'
activesupport (5.0.0) lib/active_support/callbacks.rb:506:in `block (2 levels) in compile'
activesupport (5.0.0) lib/active_support/callbacks.rb:455:in `call'
activesupport (5.0.0) lib/active_support/callbacks.rb:101:in `__run_callbacks__'
activesupport (5.0.0) lib/active_support/callbacks.rb:750:in `_run_process_action_callbacks'
activesupport (5.0.0) lib/active_support/callbacks.rb:90:in `run_callbacks'
actionpack (5.0.0) lib/abstract_controller/callbacks.rb:19:in `process_action'
actionpack (5.0.0) lib/action_controller/metal/rescue.rb:20:in `process_action'
actionpack (5.0.0) lib/action_controller/metal/instrumentation.rb:32:in `block in process_action'
activesupport (5.0.0) lib/active_support/notifications.rb:164:in `block in instrument'
activesupport (5.0.0) lib/active_support/notifications/instrumenter.rb:21:in `instrument'
activesupport (5.0.0) lib/active_support/notifications.rb:164:in `instrument'
actionpack (5.0.0) lib/action_controller/metal/instrumentation.rb:30:in `process_action'
actionpack (5.0.0) lib/action_controller/metal/params_wrapper.rb:248:in `process_action'
activerecord (5.0.0) lib/active_record/railties/controller_runtime.rb:18:in `process_action'
actionpack (5.0.0) lib/abstract_controller/base.rb:126:in `process'
actionview (5.0.0) lib/action_view/rendering.rb:30:in `process'
actionpack (5.0.0) lib/action_controller/metal.rb:190:in `dispatch'
actionpack (5.0.0) lib/action_controller/metal.rb:262:in `dispatch'
actionpack (5.0.0) lib/action_dispatch/routing/route_set.rb:50:in `dispatch'
actionpack (5.0.0) lib/action_dispatch/routing/route_set.rb:32:in `serve'
actionpack (5.0.0) lib/action_dispatch/routing/mapper.rb:16:in `block in <class:Constraints>'
actionpack (5.0.0) lib/action_dispatch/routing/mapper.rb:46:in `serve'
actionpack (5.0.0) lib/action_dispatch/journey/router.rb:39:in `block in serve'
actionpack (5.0.0) lib/action_dispatch/journey/router.rb:26:in `each'
actionpack (5.0.0) lib/action_dispatch/journey/router.rb:26:in `serve'
actionpack (5.0.0) lib/action_dispatch/routing/route_set.rb:725:in `call'
warden (1.2.6) lib/warden/manager.rb:35:in `block in call'
warden (1.2.6) lib/warden/manager.rb:34:in `catch'
warden (1.2.6) lib/warden/manager.rb:34:in `call'
rack (2.0.1) lib/rack/etag.rb:25:in `call'
rack (2.0.1) lib/rack/conditional_get.rb:38:in `call'
rack (2.0.1) lib/rack/head.rb:12:in `call'
rack (2.0.1) lib/rack/session/abstract/id.rb:222:in `context'
rack (2.0.1) lib/rack/session/abstract/id.rb:216:in `call'
actionpack (5.0.0) lib/action_dispatch/middleware/cookies.rb:613:in `call'
activerecord (5.0.0) lib/active_record/migration.rb:552:in `call'
actionpack (5.0.0) lib/action_dispatch/middleware/callbacks.rb:38:in `block in call'
activesupport (5.0.0) lib/active_support/callbacks.rb:97:in `__run_callbacks__'
activesupport (5.0.0) lib/active_support/callbacks.rb:750:in `_run_call_callbacks'
activesupport (5.0.0) lib/active_support/callbacks.rb:90:in `run_callbacks'
actionpack (5.0.0) lib/action_dispatch/middleware/callbacks.rb:36:in `call'
actionpack (5.0.0) lib/action_dispatch/middleware/executor.rb:12:in `call'
actionpack (5.0.0) lib/action_dispatch/middleware/remote_ip.rb:79:in `call'
actionpack (5.0.0) lib/action_dispatch/middleware/debug_exceptions.rb:49:in `call'
web-console (3.3.1) lib/web_console/middleware.rb:131:in `call_app'
web-console (3.3.1) lib/web_console/middleware.rb:28:in `block in call'
web-console (3.3.1) lib/web_console/middleware.rb:18:in `catch'
web-console (3.3.1) lib/web_console/middleware.rb:18:in `call'
actionpack (5.0.0) lib/action_dispatch/middleware/show_exceptions.rb:31:in `call'
railties (5.0.0) lib/rails/rack/logger.rb:36:in `call_app'
railties (5.0.0) lib/rails/rack/logger.rb:24:in `block in call'
activesupport (5.0.0) lib/active_support/tagged_logging.rb:70:in `block in tagged'
activesupport (5.0.0) lib/active_support/tagged_logging.rb:26:in `tagged'
activesupport (5.0.0) lib/active_support/tagged_logging.rb:70:in `tagged'
railties (5.0.0) lib/rails/rack/logger.rb:24:in `call'
actionpack (5.0.0) lib/action_dispatch/middleware/request_id.rb:24:in `call'
rack (2.0.1) lib/rack/method_override.rb:22:in `call'
rack (2.0.1) lib/rack/runtime.rb:22:in `call'
activesupport (5.0.0) lib/active_support/cache/strategy/local_cache_middleware.rb:28:in `call'
actionpack (5.0.0) lib/action_dispatch/middleware/executor.rb:12:in `call'
actionpack (5.0.0) lib/action_dispatch/middleware/static.rb:136:in `call'
rack (2.0.1) lib/rack/sendfile.rb:111:in `call'
railties (5.0.0) lib/rails/engine.rb:522:in `call'
puma (3.6.0) lib/puma/configuration.rb:225:in `call'
puma (3.6.0) lib/puma/server.rb:578:in `handle_request'
puma (3.6.0) lib/puma/server.rb:415:in `process_client'
puma (3.6.0) lib/puma/server.rb:275:in `block in run'
puma (3.6.0) lib/puma/thread_pool.rb:116:in `block in spawn_thread'
  Rendering /Users/Witherberry/.rvm/gems/ruby-2.3.1/gems/actionpack-5.0.0/lib/action_dispatch/middleware/templates/rescues/diagnostics.html.erb within rescues/layout
  Rendering /Users/Witherberry/.rvm/gems/ruby-2.3.1/gems/actionpack-5.0.0/lib/action_dispatch/middleware/templates/rescues/_source.html.erb
  Rendered /Users/Witherberry/.rvm/gems/ruby-2.3.1/gems/actionpack-5.0.0/lib/action_dispatch/middleware/templates/rescues/_source.html.erb (8.2ms)
  Rendering /Users/Witherberry/.rvm/gems/ruby-2.3.1/gems/actionpack-5.0.0/lib/action_dispatch/middleware/templates/rescues/_trace.html.erb
  Rendered /Users/Witherberry/.rvm/gems/ruby-2.3.1/gems/actionpack-5.0.0/lib/action_dispatch/middleware/templates/rescues/_trace.html.erb (2.8ms)
  Rendering /Users/Witherberry/.rvm/gems/ruby-2.3.1/gems/actionpack-5.0.0/lib/action_dispatch/middleware/templates/rescues/_request_and_response.html.erb
  Rendered /Users/Witherberry/.rvm/gems/ruby-2.3.1/gems/actionpack-5.0.0/lib/action_dispatch/middleware/templates/rescues/_request_and_response.html.erb (2.3ms)
  Rendered /Users/Witherberry/.rvm/gems/ruby-2.3.1/gems/actionpack-5.0.0/lib/action_dispatch/middleware/templates/rescues/diagnostics.html.erb within rescues/layout (126.8ms)
DEPRECATION WARNING: ActiveRecord::Base.raise_in_transactional_callbacks= is deprecated, has no effect and will be removed without replacement. (called from <top (required)> at /Users/Witherberry/src/railsprojects/devise-bootstrap-views/app/models/user.rb:1)
Started POST "/users" for ::1 at 2016-07-25 15:12:38 -0400
  [1m[36mActiveRecord::SchemaMigration Load (0.2ms)[0m  [1m[34mSELECT "schema_migrations".* FROM "schema_migrations"[0m
DEPRECATION WARNING: before_filter is deprecated and will be removed in Rails 5.1. Use before_action instead. (called from <class:ApplicationController> at /Users/Witherberry/src/railsprojects/devise-bootstrap-views/app/controllers/application_controller.rb:5)
Processing by Devise::RegistrationsController#create as HTML
  Parameters: {"utf8"=>"✓", "authenticity_token"=>"3ac8KHzR3g/lYtCQgmJqxX6YSEchp+H2knvDXVVZyxAU8O8IGofQ76FGVBwilD5FByRiCLxdwSsIH04z12ltbw==", "user"=>{"email"=>"t@t.com", "password"=>"[FILTERED]", "password_confirmation"=>"[FILTERED]"}, "commit"=>"Sign up"}
  [1m[35m (0.2ms)[0m  [1m[36mbegin transaction[0m
  [1m[36mUser Exists (0.2ms)[0m  [1m[34mSELECT  1 AS one FROM "users" WHERE "users"."email" = ? LIMIT ?[0m  [["email", "t@t.com"], ["LIMIT", 1]]
  [1m[35mSQL (0.6ms)[0m  [1m[32mINSERT INTO "users" ("email", "encrypted_password", "confirmation_token", "confirmation_sent_at", "created_at", "updated_at") VALUES (?, ?, ?, ?, ?, ?)[0m  [["email", "t@t.com"], ["encrypted_password", "$2a$10$RGGu0gAxBNNOLRZsikaEt.BhjKlQRyOur8JbjlnLhAXp5VAD.vjKS"], ["confirmation_token", "xuR-suYYHSLLQM_vakqv"], ["confirmation_sent_at", 2016-07-25 19:12:39 UTC], ["created_at", 2016-07-25 19:12:39 UTC], ["updated_at", 2016-07-25 19:12:39 UTC]]
  [1m[35m (1.7ms)[0m  [1m[36mcommit transaction[0m
  Rendering /Users/Witherberry/.rvm/gems/ruby-2.3.1/gems/devise-bootstrap-views-0.0.8/app/views/devise/mailer/confirmation_instructions.html.erb
  Rendered /Users/Witherberry/.rvm/gems/ruby-2.3.1/gems/devise-bootstrap-views-0.0.8/app/views/devise/mailer/confirmation_instructions.html.erb (7.8ms)
Devise::Mailer#confirmation_instructions: processed outbound mail in 341.3ms
Sent mail to t@t.com (18.0ms)
Date: Mon, 25 Jul 2016 15:12:40 -0400
From: please-change-me-at-config-initializers-devise@example.com
Reply-To: please-change-me-at-config-initializers-devise@example.com
To: t@t.com
Message-ID: <579664a840c47_144993fe351e446607953@Thads-MBP.mail>
Subject: Confirmation instructions
Mime-Version: 1.0
Content-Type: text/html;
 charset=UTF-8
Content-Transfer-Encoding: 7bit

<p>Welcome t@t.com!</p>

<p>You can confirm your account email through the link below:</p>

<p><a href="http://localhost:3000/users/confirmation?confirmation_token=xuR-suYYHSLLQM_vakqv&amp;locale=en">Confirm my account</a></p>

Redirected to http://localhost:3000/
Completed 302 Found in 1254ms (ActiveRecord: 3.8ms)


Started GET "/" for ::1 at 2016-07-25 15:12:40 -0400
Processing by UsersController#index as HTML
Completed 401 Unauthorized in 1ms (ActiveRecord: 0.0ms)


Started GET "/users/sign_in" for ::1 at 2016-07-25 15:12:40 -0400
Processing by Devise::SessionsController#new as HTML
  Rendering /Users/Witherberry/.rvm/gems/ruby-2.3.1/gems/devise-bootstrap-views-0.0.8/app/views/devise/sessions/new.html.erb within layouts/application
  Rendered /Users/Witherberry/.rvm/gems/ruby-2.3.1/gems/devise-bootstrap-views-0.0.8/app/views/devise/shared/_links.html.erb (2.7ms)
  Rendered /Users/Witherberry/.rvm/gems/ruby-2.3.1/gems/devise-bootstrap-views-0.0.8/app/views/devise/sessions/new.html.erb within layouts/application (24.1ms)
Completed 200 OK in 391ms (Views: 389.2ms | ActiveRecord: 0.0ms)


Started GET "/assets/turbolinks.self-c5acd7a204f5f25ce7a1d8a0e4d92e28d34c9e2df2c7371cd7af88e147e4ad82.js?body=1" for ::1 at 2016-07-25 15:12:40 -0400
Started GET "/assets/jquery_ujs.self-e87806d0cf4489aeb1bb7288016024e8de67fd18db693fe026fe3907581e53cd.js?body=1" for ::1 at 2016-07-25 15:12:40 -0400
Started GET "/assets/application.self-f8806224e027f3e3f0138ea9ce99319e298dfdb323304d1f1be6eae8e8c74724.js?body=1" for ::1 at 2016-07-25 15:12:40 -0400
Started GET "/assets/jquery.self-660adc51e0224b731d29f575a6f1ec167ba08ad06ed5deca4f1e8654c135bf4c.js?body=1" for ::1 at 2016-07-25 15:12:40 -0400
Started GET "/assets/bootstrap.self-d0e973a52d36a01036265aeefaf2d1ae3499d2cb231a9be3bd846432daf231de.js?body=1" for ::1 at 2016-07-25 15:12:40 -0400
Started GET "/assets/application.self-3d156ebed001e9f6d2c52254d6db2a6cf372d71bd18b61d1144c02ad1350a645.css?body=1" for ::1 at 2016-07-25 15:12:40 -0400
Started GET "/assets/users.self-877aef30ae1b040ab8a3aba4e3e309a11d7f2612f44dde450b5c157aa5f95c05.js?body=1" for ::1 at 2016-07-25 15:12:40 -0400
Started GET "/assets/bootstrap-78d83bbcc1bb861a0723ffb65bfa7d84e7302638ca9e2d87135deb9f5c91ecf7.png" for ::1 at 2016-07-25 15:12:40 -0400
Started GET "/users/sign_up" for ::1 at 2016-07-25 15:12:47 -0400
Processing by Devise::RegistrationsController#new as HTML
  Rendering /Users/Witherberry/.rvm/gems/ruby-2.3.1/gems/devise-bootstrap-views-0.0.8/app/views/devise/registrations/new.html.erb within layouts/application
  Rendered /Users/Witherberry/.rvm/gems/ruby-2.3.1/gems/devise-bootstrap-views-0.0.8/app/views/devise/shared/_links.html.erb (2.2ms)
  Rendered /Users/Witherberry/.rvm/gems/ruby-2.3.1/gems/devise-bootstrap-views-0.0.8/app/views/devise/registrations/new.html.erb within layouts/application (14.9ms)
Completed 200 OK in 66ms (Views: 63.6ms | ActiveRecord: 0.0ms)


Started POST "/users" for ::1 at 2016-07-25 15:12:54 -0400
Processing by Devise::RegistrationsController#create as HTML
  Parameters: {"utf8"=>"✓", "authenticity_token"=>"8LQMxWUhTyodCLn67b1W8Qs8MDVqRDuGg6G+2Hvyn8Q549/lA3dBylksPXZNSwJxcoAaeve+G1sZxTO2+cI5uw==", "user"=>{"email"=>"t@t.com", "password"=>"[FILTERED]", "password_confirmation"=>"[FILTERED]"}, "commit"=>"Sign up"}
  [1m[35m (0.1ms)[0m  [1m[36mbegin transaction[0m
  [1m[36mUser Exists (0.2ms)[0m  [1m[34mSELECT  1 AS one FROM "users" WHERE "users"."email" = ? LIMIT ?[0m  [["email", "t@t.com"], ["LIMIT", 1]]
  [1m[35m (0.1ms)[0m  [1m[31mrollback transaction[0m
  Rendering /Users/Witherberry/.rvm/gems/ruby-2.3.1/gems/devise-bootstrap-views-0.0.8/app/views/devise/registrations/new.html.erb within layouts/application
  Rendered /Users/Witherberry/.rvm/gems/ruby-2.3.1/gems/devise-bootstrap-views-0.0.8/app/views/devise/shared/_links.html.erb (2.0ms)
  Rendered /Users/Witherberry/.rvm/gems/ruby-2.3.1/gems/devise-bootstrap-views-0.0.8/app/views/devise/registrations/new.html.erb within layouts/application (11.3ms)
Completed 200 OK in 251ms (Views: 124.7ms | ActiveRecord: 0.4ms)


DEPRECATION WARNING: ActiveRecord::Base.raise_in_transactional_callbacks= is deprecated, has no effect and will be removed without replacement. (called from <top (required)> at /Users/Witherberry/src/railsprojects/devise-bootstrap-views/app/models/user.rb:1)
  [1m[36mUser Load (2.0ms)[0m  [1m[34mSELECT "users".* FROM "users"[0m
  [1m[36mUser Load (0.3ms)[0m  [1m[34mSELECT  "users".* FROM "users" ORDER BY "users"."id" ASC LIMIT ?[0m  [["LIMIT", 1]]
  [1m[35mSQL (8.6ms)[0m  [1m[31mDELETE FROM "users" WHERE "users"."id" = ?[0m  [["id", 1]]
  [1m[36mUser Load (0.2ms)[0m  [1m[34mSELECT "users".* FROM "users"[0m
Started POST "/users" for ::1 at 2016-07-25 15:13:27 -0400
Processing by Devise::RegistrationsController#create as HTML
  Parameters: {"utf8"=>"✓", "authenticity_token"=>"GGahPiv6Dj9vu72dA4gdLGL1kUE4cck0pJ/yJvCVhgXRMXIeTawA3yufORGjfkmsG0m7DqWL6ek++39IcqUgeg==", "user"=>{"email"=>"t@t.com", "password"=>"[FILTERED]", "password_confirmation"=>"[FILTERED]"}, "commit"=>"Sign up"}
  [1m[35m (0.4ms)[0m  [1m[36mbegin transaction[0m
  [1m[36mUser Exists (0.3ms)[0m  [1m[34mSELECT  1 AS one FROM "users" WHERE "users"."email" = ? LIMIT ?[0m  [["email", "t@t.com"], ["LIMIT", 1]]
  [1m[35mSQL (0.5ms)[0m  [1m[32mINSERT INTO "users" ("email", "encrypted_password", "confirmation_token", "confirmation_sent_at", "created_at", "updated_at") VALUES (?, ?, ?, ?, ?, ?)[0m  [["email", "t@t.com"], ["encrypted_password", "$2a$10$35HwCLGSDu2MccqBdHBpwOGGb/9/GErCyXJnKiQv3ZussiUId02SG"], ["confirmation_token", "h1akoSbwznFZ5AayoyYS"], ["confirmation_sent_at", 2016-07-25 19:13:27 UTC], ["created_at", 2016-07-25 19:13:27 UTC], ["updated_at", 2016-07-25 19:13:27 UTC]]
  [1m[35m (5.7ms)[0m  [1m[36mcommit transaction[0m
  Rendering /Users/Witherberry/.rvm/gems/ruby-2.3.1/gems/devise-bootstrap-views-0.0.8/app/views/devise/mailer/confirmation_instructions.html.erb
  Rendered /Users/Witherberry/.rvm/gems/ruby-2.3.1/gems/devise-bootstrap-views-0.0.8/app/views/devise/mailer/confirmation_instructions.html.erb (1.7ms)
Devise::Mailer#confirmation_instructions: processed outbound mail in 65.1ms
Sent mail to t@t.com (5.7ms)
Date: Mon, 25 Jul 2016 15:13:28 -0400
From: please-change-me-at-config-initializers-devise@example.com
Reply-To: please-change-me-at-config-initializers-devise@example.com
To: t@t.com
Message-ID: <579664d892d2_144993fe3548d43f8805d@Thads-MBP.mail>
Subject: Confirmation instructions
Mime-Version: 1.0
Content-Type: text/html;
 charset=UTF-8
Content-Transfer-Encoding: 7bit

<p>Welcome t@t.com!</p>

<p>You can confirm your account email through the link below:</p>

<p><a href="http://localhost:3000/users/confirmation?confirmation_token=h1akoSbwznFZ5AayoyYS&amp;locale=en">Confirm my account</a></p>

Redirected to http://localhost:3000/
Completed 302 Found in 189ms (ActiveRecord: 6.9ms)


Started GET "/" for ::1 at 2016-07-25 15:13:28 -0400
Processing by UsersController#index as HTML
Completed 401 Unauthorized in 1ms (ActiveRecord: 0.0ms)


Started GET "/users/sign_in" for ::1 at 2016-07-25 15:13:28 -0400
Processing by Devise::SessionsController#new as HTML
  Rendering /Users/Witherberry/.rvm/gems/ruby-2.3.1/gems/devise-bootstrap-views-0.0.8/app/views/devise/sessions/new.html.erb within layouts/application
  Rendered /Users/Witherberry/.rvm/gems/ruby-2.3.1/gems/devise-bootstrap-views-0.0.8/app/views/devise/shared/_links.html.erb (6.9ms)
  Rendered /Users/Witherberry/.rvm/gems/ruby-2.3.1/gems/devise-bootstrap-views-0.0.8/app/views/devise/sessions/new.html.erb within layouts/application (20.6ms)
Completed 200 OK in 97ms (Views: 95.9ms | ActiveRecord: 0.0ms)


Started POST "/users/sign_in" for ::1 at 2016-07-25 15:13:37 -0400
Processing by Devise::SessionsController#create as HTML
  Parameters: {"utf8"=>"✓", "authenticity_token"=>"4lFLYajW9hNCXyC2/kUoUSKoJFxjT5cH2zS4ToQ9OxUrBphBzoD48wZ7pDpes3zRWxQOE/61t9pBUDUgBg2dag==", "user"=>{"email"=>"t@t.com", "password"=>"[FILTERED]", "remember_me"=>"0"}, "commit"=>"Sign in"}
  [1m[36mUser Load (0.6ms)[0m  [1m[34mSELECT  "users".* FROM "users" WHERE "users"."email" = ? ORDER BY "users"."id" ASC LIMIT ?[0m  [["email", "t@t.com"], ["LIMIT", 1]]
  [1m[35m (0.1ms)[0m  [1m[36mbegin transaction[0m
  [1m[35m (0.1ms)[0m  [1m[36mcommit transaction[0m
Completed 401 Unauthorized in 99ms (ActiveRecord: 0.8ms)


Started GET "/users/sign_in" for ::1 at 2016-07-25 15:13:37 -0400
Processing by Devise::SessionsController#new as HTML
  Rendering /Users/Witherberry/.rvm/gems/ruby-2.3.1/gems/devise-bootstrap-views-0.0.8/app/views/devise/sessions/new.html.erb within layouts/application
  Rendered /Users/Witherberry/.rvm/gems/ruby-2.3.1/gems/devise-bootstrap-views-0.0.8/app/views/devise/shared/_links.html.erb (2.5ms)
  Rendered /Users/Witherberry/.rvm/gems/ruby-2.3.1/gems/devise-bootstrap-views-0.0.8/app/views/devise/sessions/new.html.erb within layouts/application (11.1ms)
Completed 200 OK in 82ms (Views: 80.6ms | ActiveRecord: 0.0ms)


Started GET "/users/confirmation?confirmation_token=h1akoSbwznFZ5AayoyYS&amp;locale=en" for ::1 at 2016-07-25 15:13:56 -0400
Processing by Devise::ConfirmationsController#show as HTML
  Parameters: {"confirmation_token"=>"h1akoSbwznFZ5AayoyYS", "amp"=>nil, "locale"=>"en"}
  [1m[36mUser Load (0.9ms)[0m  [1m[34mSELECT  "users".* FROM "users" WHERE "users"."confirmation_token" = ? ORDER BY "users"."id" ASC LIMIT ?[0m  [["confirmation_token", "h1akoSbwznFZ5AayoyYS"], ["LIMIT", 1]]
  [1m[35m (0.1ms)[0m  [1m[36mbegin transaction[0m
  [1m[35mSQL (0.4ms)[0m  [1m[33mUPDATE "users" SET "confirmed_at" = ?, "updated_at" = ? WHERE "users"."id" = ?[0m  [["confirmed_at", 2016-07-25 19:13:56 UTC], ["updated_at", 2016-07-25 19:13:56 UTC], ["id", 2]]
  [1m[35m (1.3ms)[0m  [1m[36mcommit transaction[0m
Redirected to http://localhost:3000/users/sign_in
Completed 302 Found in 33ms (ActiveRecord: 2.7ms)


Started GET "/users/sign_in" for ::1 at 2016-07-25 15:13:56 -0400
Processing by Devise::SessionsController#new as HTML
  Rendering /Users/Witherberry/.rvm/gems/ruby-2.3.1/gems/devise-bootstrap-views-0.0.8/app/views/devise/sessions/new.html.erb within layouts/application
  Rendered /Users/Witherberry/.rvm/gems/ruby-2.3.1/gems/devise-bootstrap-views-0.0.8/app/views/devise/shared/_links.html.erb (3.5ms)
  Rendered /Users/Witherberry/.rvm/gems/ruby-2.3.1/gems/devise-bootstrap-views-0.0.8/app/views/devise/sessions/new.html.erb within layouts/application (30.9ms)
Completed 200 OK in 149ms (Views: 146.5ms | ActiveRecord: 0.0ms)


Started POST "/users/sign_in" for ::1 at 2016-07-25 15:14:01 -0400
Processing by Devise::SessionsController#create as HTML
  Parameters: {"utf8"=>"✓", "authenticity_token"=>"HXBK6QbY5Xdm53raO+PFGIRK7HX7YiqJUUXsGurAK1nUJ5nJYI7rlyLD/labFZGY/fbGOmaYClTLIWF0aPCNJg==", "user"=>{"email"=>"t@t.com", "password"=>"[FILTERED]", "remember_me"=>"0"}, "commit"=>"Sign in"}
  [1m[36mUser Load (6.5ms)[0m  [1m[34mSELECT  "users".* FROM "users" WHERE "users"."email" = ? ORDER BY "users"."id" ASC LIMIT ?[0m  [["email", "t@t.com"], ["LIMIT", 1]]
  [1m[35m (0.1ms)[0m  [1m[36mbegin transaction[0m
  [1m[35mSQL (0.4ms)[0m  [1m[33mUPDATE "users" SET "current_sign_in_at" = ?, "last_sign_in_at" = ?, "current_sign_in_ip" = ?, "last_sign_in_ip" = ?, "sign_in_count" = ?, "updated_at" = ? WHERE "users"."id" = ?[0m  [["current_sign_in_at", 2016-07-25 19:14:02 UTC], ["last_sign_in_at", 2016-07-25 19:14:02 UTC], ["current_sign_in_ip", "::1"], ["last_sign_in_ip", "::1"], ["sign_in_count", 1], ["updated_at", 2016-07-25 19:14:02 UTC], ["id", 2]]
  [1m[35m (1.2ms)[0m  [1m[36mcommit transaction[0m
Redirected to http://localhost:3000/
Completed 302 Found in 182ms (ActiveRecord: 8.1ms)


Started GET "/" for ::1 at 2016-07-25 15:14:02 -0400
Processing by UsersController#index as HTML
  [1m[36mUser Load (0.3ms)[0m  [1m[34mSELECT  "users".* FROM "users" WHERE "users"."id" = ? ORDER BY "users"."id" ASC LIMIT ?[0m  [["id", 2], ["LIMIT", 1]]
  Rendering users/index.html.erb within layouts/application
  [1m[36mUser Load (0.3ms)[0m  [1m[34mSELECT "users".* FROM "users"[0m
  Rendered users/index.html.erb within layouts/application (2.9ms)
Completed 200 OK in 73ms (Views: 65.3ms | ActiveRecord: 0.6ms)


Started GET "/" for ::1 at 2016-07-25 15:18:18 -0400
DEPRECATION WARNING: before_filter is deprecated and will be removed in Rails 5.1. Use before_action instead. (called from <class:ApplicationController> at /Users/Witherberry/src/railsprojects/devise-bootstrap-views/app/controllers/application_controller.rb:5)
Processing by UsersController#index as HTML
  [1m[36mUser Load (0.2ms)[0m  [1m[34mSELECT  "users".* FROM "users" WHERE "users"."id" = ? ORDER BY "users"."id" ASC LIMIT ?[0m  [["id", 2], ["LIMIT", 1]]
  Rendering users/index.html.erb within layouts/application
  [1m[36mUser Load (0.3ms)[0m  [1m[34mSELECT "users".* FROM "users"[0m
  Rendered users/index.html.erb within layouts/application (1.6ms)
Completed 200 OK in 72ms (Views: 42.0ms | ActiveRecord: 1.4ms)


Started GET "/users/sign_in" for ::1 at 2016-07-25 15:18:20 -0400
Processing by Devise::SessionsController#new as HTML
  [1m[36mUser Load (0.3ms)[0m  [1m[34mSELECT  "users".* FROM "users" WHERE "users"."id" = ? ORDER BY "users"."id" ASC LIMIT ?[0m  [["id", 2], ["LIMIT", 1]]
Redirected to http://localhost:3000/
Filter chain halted as :require_no_authentication rendered or redirected
Completed 302 Found in 3ms (ActiveRecord: 0.3ms)


Started GET "/users/sign_in" for ::1 at 2016-07-25 15:18:20 -0400
Processing by Devise::SessionsController#new as HTML
  [1m[36mUser Load (0.3ms)[0m  [1m[34mSELECT  "users".* FROM "users" WHERE "users"."id" = ? ORDER BY "users"."id" ASC LIMIT ?[0m  [["id", 2], ["LIMIT", 1]]
Redirected to http://localhost:3000/
Filter chain halted as :require_no_authentication rendered or redirected
Completed 302 Found in 3ms (ActiveRecord: 0.3ms)


Started DELETE "/users/sign_out" for ::1 at 2016-07-25 15:18:22 -0400
Processing by Devise::SessionsController#destroy as HTML
  Parameters: {"authenticity_token"=>"6OWyz9W4mrceBElYnIo+XhtLdQVxGqx5mlGQ+Y4eb00gZjWZ5NRHZOQuic33cnVy3rkLygXxbAtcn8hTP6q5VQ=="}
  [1m[36mUser Load (0.5ms)[0m  [1m[34mSELECT  "users".* FROM "users" WHERE "users"."id" = ? ORDER BY "users"."id" ASC LIMIT ?[0m  [["id", 2], ["LIMIT", 1]]
  [1m[35m (0.1ms)[0m  [1m[36mbegin transaction[0m
  [1m[35m (0.1ms)[0m  [1m[36mcommit transaction[0m
Redirected to http://localhost:3000/
Completed 302 Found in 6ms (ActiveRecord: 0.7ms)


Started GET "/" for ::1 at 2016-07-25 15:18:22 -0400
Processing by UsersController#index as HTML
Completed 401 Unauthorized in 1ms (ActiveRecord: 0.0ms)


Started GET "/users/sign_in" for ::1 at 2016-07-25 15:18:22 -0400
Processing by Devise::SessionsController#new as HTML
  Rendering /Users/Witherberry/.rvm/gems/ruby-2.3.1/gems/devise-bootstrap-views-0.0.8/app/views/devise/sessions/new.html.erb within layouts/application
  Rendered /Users/Witherberry/.rvm/gems/ruby-2.3.1/gems/devise-bootstrap-views-0.0.8/app/views/devise/shared/_links.html.erb (2.0ms)
  Rendered /Users/Witherberry/.rvm/gems/ruby-2.3.1/gems/devise-bootstrap-views-0.0.8/app/views/devise/sessions/new.html.erb within layouts/application (9.3ms)
Completed 200 OK in 57ms (Views: 55.5ms | ActiveRecord: 0.0ms)


Started GET "/users/sign_in" for ::1 at 2016-07-25 15:29:21 -0400
Processing by Devise::SessionsController#new as HTML
  Rendering /Users/Witherberry/.rvm/gems/ruby-2.3.1/gems/devise-bootstrap-views-0.0.8/app/views/devise/sessions/new.html.erb within layouts/application
  Rendered /Users/Witherberry/.rvm/gems/ruby-2.3.1/gems/devise-bootstrap-views-0.0.8/app/views/devise/shared/_links.html.erb (3.2ms)
  Rendered /Users/Witherberry/.rvm/gems/ruby-2.3.1/gems/devise-bootstrap-views-0.0.8/app/views/devise/sessions/new.html.erb within layouts/application (11.8ms)
Completed 200 OK in 69ms (Views: 64.3ms | ActiveRecord: 0.0ms)


Started POST "/users/sign_in" for ::1 at 2016-07-25 15:29:26 -0400
Processing by Devise::SessionsController#create as HTML
  Parameters: {"utf8"=>"✓", "authenticity_token"=>"4CphQukNMyE+vcKsyJ9qirD3ZIMFH05T7Tz9E37wjFZYr4EYDk8kAA4tQhGvUBWtggQHUcavlEO5ySGvjPjp3w==", "user"=>{"email"=>"t@t.com", "password"=>"[FILTERED]", "remember_me"=>"0"}, "commit"=>"Sign in"}
  [1m[36mUser Load (0.3ms)[0m  [1m[34mSELECT  "users".* FROM "users" WHERE "users"."email" = ? ORDER BY "users"."id" ASC LIMIT ?[0m  [["email", "t@t.com"], ["LIMIT", 1]]
  [1m[35m (0.1ms)[0m  [1m[36mbegin transaction[0m
  [1m[35mSQL (0.4ms)[0m  [1m[33mUPDATE "users" SET "current_sign_in_at" = ?, "sign_in_count" = ?, "updated_at" = ? WHERE "users"."id" = ?[0m  [["current_sign_in_at", 2016-07-25 19:29:26 UTC], ["sign_in_count", 2], ["updated_at", 2016-07-25 19:29:26 UTC], ["id", 2]]
  [1m[35m (1.8ms)[0m  [1m[36mcommit transaction[0m
Redirected to http://localhost:3000/
Completed 302 Found in 118ms (ActiveRecord: 2.6ms)


Started GET "/" for ::1 at 2016-07-25 15:29:26 -0400
Processing by UsersController#index as HTML
  [1m[36mUser Load (0.3ms)[0m  [1m[34mSELECT  "users".* FROM "users" WHERE "users"."id" = ? ORDER BY "users"."id" ASC LIMIT ?[0m  [["id", 2], ["LIMIT", 1]]
  Rendering users/index.html.erb within layouts/application
  [1m[36mUser Load (0.3ms)[0m  [1m[34mSELECT "users".* FROM "users"[0m
  Rendered users/index.html.erb within layouts/application (1.6ms)
Completed 200 OK in 47ms (Views: 41.9ms | ActiveRecord: 0.5ms)


